<?xml version="1.0" encoding="UTF-8"?>
<!-- Generated by org.testng.reporters.JUnitReportReporter -->
<testsuite hostname="DESKTOP-92UAJLA" failures="0" tests="1" name="org.example.Selectex" time="45.173" errors="0" timestamp="2023-05-11T10:18:59 IST" skipped="0">
  <testcase classname="org.example.Selectex" name="textsel" time="45.173"/>
  <system-out/>
</testsuite> <!-- org.example.Selectex -->
