<?xml version="1.0" encoding="UTF-8"?>
<!-- Generated by org.testng.reporters.JUnitReportReporter -->
<testsuite hostname="DESKTOP-92UAJLA" failures="0" tests="1" name="org.example.Parameters" time="17.309" errors="0" timestamp="2023-05-11T10:18:58 IST" skipped="0">
  <testcase classname="org.example.Parameters" name="testparameters" time="17.309"/>
  <system-out/>
</testsuite> <!-- org.example.Parameters -->
